<?xml version="1.0" encoding="UTF-8"?>
<!-- Generated by org.testng.reporters.JUnitReportReporter -->
<testsuite hostname="vivobook-asuslaptop-x512flc-x512fl" failures="0" tests="4" name="com.apollo2.HSB_65.imageloading" time="66.257" errors="0" timestamp="2023-08-23T15:07:22 IST" skipped="1">
  <testcase classname="com.apollo2.HSB_65.imageloading" name="login" time="24.017"/>
  <system-out/>
  <testcase classname="com.apollo2.HSB_65.imageloading" name="sectionselect" time="14.594"/>
  <system-out/>
  <testcase classname="com.apollo2.HSB_65.imageloading" name="imagelaodingatlas" time="27.646"/>
  <system-out/>
  <testcase classname="com.apollo2.HSB_65.imageloading" name="imagelaodingcell">
    <skipped/>
  </testcase> <!-- imagelaodingcell -->
  <system-out/>
</testsuite> <!-- com.apollo2.HSB_65.imageloading -->
